<?xml version="1.0" encoding="UTF-8"?>
<!-- Generated by org.testng.reporters.JUnitReportReporter -->
<testsuite hostname="v-frontend" failures="0" tests="1" name="testModules.mainPageTest" time="11.496" errors="0" timestamp="2022-10-25T20:20:12 IST" skipped="0">
  <testcase classname="testModules.mainPageTest" name="fudduTest" time="11.496"/>
  <system-out/>
</testsuite> <!-- testModules.mainPageTest -->
