<?xml version="1.0" encoding="UTF-8"?>
<!-- Generated by org.testng.reporters.JUnitReportReporter -->
<testsuite hostname="v-frontend" failures="0" tests="1" name="testModules.mainPageTest" time="16.313" errors="0" timestamp="2022-10-27T22:23:33 IST" skipped="0">
  <testcase classname="testModules.mainPageTest" name="fudduTest" time="16.313"/>
  <system-out/>
</testsuite> <!-- testModules.mainPageTest -->
