<?xml version="1.0" encoding="UTF-8"?>
<!-- Generated by org.testng.reporters.JUnitReportReporter -->
<testsuite hostname="v-frontend" failures="0" tests="1" name="testModules.mainPageTest" time="32.000" errors="0" timestamp="2022-10-30T19:45:10 IST" skipped="0">
  <testcase classname="testModules.mainPageTest" name="fudduTest" time="32.000"/>
  <system-out/>
</testsuite> <!-- testModules.mainPageTest -->
