<?xml version="1.0" encoding="UTF-8"?>
<!-- Generated by org.testng.reporters.JUnitReportReporter -->
<testsuite hostname="v-frontend" failures="0" tests="1" name="testModules.mainPageTest" time="29.543" errors="0" timestamp="2022-10-25T19:17:39 IST" skipped="0">
  <testcase classname="testModules.mainPageTest" name="f" time="29.543"/>
  <system-out/>
</testsuite> <!-- testModules.mainPageTest -->
