<?xml version="1.0" encoding="UTF-8"?>
<!-- Generated by org.testng.reporters.JUnitReportReporter -->
<testsuite hostname="v-frontend" failures="0" tests="1" name="testModules.mainPageTest" time="150.168" errors="0" timestamp="2022-10-25T22:21:53 IST" skipped="0">
  <testcase classname="testModules.mainPageTest" name="fudduTest" time="150.168"/>
  <system-out/>
</testsuite> <!-- testModules.mainPageTest -->
