<?xml version="1.0" encoding="UTF-8"?>
<!-- Generated by org.testng.reporters.JUnitReportReporter -->
<testsuite hostname="v-frontend" failures="0" tests="1" name="testModules.mainPageTest" time="45.463" errors="0" timestamp="2022-10-28T13:30:13 IST" skipped="0">
  <testcase classname="testModules.mainPageTest" name="fudduTest" time="45.463"/>
  <system-out/>
</testsuite> <!-- testModules.mainPageTest -->
