<?xml version="1.0" encoding="UTF-8"?>
<!-- Generated by org.testng.reporters.JUnitReportReporter -->
<testsuite hostname="v-frontend" failures="0" tests="1" name="testModules.mainPageTest" time="30.562" errors="0" timestamp="2022-10-25T12:37:22 IST" skipped="0">
  <testcase classname="testModules.mainPageTest" name="f" time="30.562"/>
  <system-out/>
</testsuite> <!-- testModules.mainPageTest -->
